{
  "RSpec": {
    "coverage": {
      "/Users/grolar/workspace/rails/task-manager-api/app/models/user.rb": [
        1,
        null,
        1,
        null,
        null,
        1,
        null
      ],
      "/Users/grolar/workspace/rails/task-manager-api/app/controllers/home_controller.rb": [
        1,
        1,
        1,
        null,
        null
      ],
      "/Users/grolar/workspace/rails/task-manager-api/app/controllers/application_controller.rb": [
        1,
        1,
        null
      ],
      "/Users/grolar/workspace/rails/task-manager-api/app/controllers/api/v1/users_controller.rb": [
        1,
        1,
        null,
        null,
        1,
        1,
        null,
        null,
        null,
        1,
        1,
        null,
        null,
        null,
        null
      ],
      "/Users/grolar/workspace/rails/task-manager-api/app/controllers/api/v1/api_controller.rb": [
        1,
        1,
        1,
        1,
        null,
        null
      ],
      "/Users/grolar/workspace/rails/task-manager-api/app/serializers/user_serializer.rb": [
        1,
        1,
        null
      ],
      "/Users/grolar/workspace/rails/task-manager-api/app/channels/application_cable/channel.rb": [
        0,
        0,
        0,
        0,
        0
      ],
      "/Users/grolar/workspace/rails/task-manager-api/app/channels/application_cable/connection.rb": [
        0,
        0,
        0,
        0,
        0
      ],
      "/Users/grolar/workspace/rails/task-manager-api/app/mailers/application_mailer.rb": [
        0,
        0,
        0,
        0,
        0
      ],
      "/Users/grolar/workspace/rails/task-manager-api/app/models/application_record.rb": [
        0,
        0,
        0,
        0
      ],
      "/Users/grolar/workspace/rails/task-manager-api/app/workers/sample_worker.rb": [
        0,
        0,
        0,
        0,
        0,
        0
      ]
    },
    "timestamp": 1491788237
  }
}
